<?xml version="1.0" encoding="UTF-8"?>
<!-- Generated by org.testng.reporters.JUnitReportReporter -->
<testsuite skipped="0" hostname="admin-PC" name="com.AdidasEcom.Testcase.LoginTest" tests="1" failures="0" timestamp="07 Sep 2019 20:31:12 GMT" time="19.578" errors="0">
  <testcase name="LoginTesthed" time="19.578" classname="com.AdidasEcom.Testcase.LoginTest"/>
</testsuite> <!-- com.AdidasEcom.Testcase.LoginTest -->
